#
# A fatal error has been detected by the Java Runtime Environment:
#
#  Internal Error (sharedRuntime.cpp:821), pid=9795, tid=140644902946560
#  fatal error: exception happened outside interpreter, nmethods and vtable stubs at pc 0x00007fea900fb2c0
#
# JRE version: Java(TM) SE Runtime Environment (8.0_05-b13) (build 1.8.0_05-b13)
# Java VM: Java HotSpot(TM) 64-Bit Server VM (25.5-b02 mixed mode linux-amd64 compressed oops)
# Failed to write core dump. Core dumps have been disabled. To enable core dumping, try "ulimit -c unlimited" before starting Java again
#
# If you would like to submit a bug report, please visit:
#   http://bugreport.sun.com/bugreport/crash.jsp
#

---------------  T H R E A D  ---------------

Current thread (0x00007fea20008000):  JavaThread "pool-2-thread-9" [_thread_in_Java, id=9876, stack(0x00007fea716ac000,0x00007fea717ad000)]

Stack: [0x00007fea716ac000,0x00007fea717ad000],  sp=0x00007fea717aadb0,  free space=1019k
Native frames: (J=compiled Java code, j=interpreted, Vv=VM code, C=native code)
V  [libjvm.so+0xa2f43a]  VMError::report_and_die()+0x2ca
V  [libjvm.so+0x4b2809]  report_fatal(char const*, int, char const*)+0x59
V  [libjvm.so+0x93637a]  SharedRuntime::continuation_for_implicit_exception(JavaThread*, unsigned char*, SharedRuntime::ImplicitExceptionKind)+0x34a
V  [libjvm.so+0x8a4899]  JVM_handle_linux_signal+0x479
V  [libjvm.so+0x89b4f3]  signalHandler(int, siginfo*, void*)+0x43
C  [libpthread.so.0+0xf710]  tfind@@GLIBC_2.2.5+0xf710
j  java.util.concurrent.ThreadPoolExecutor$Worker.run()V+5
j  java.lang.Thread.run()V+11
v  ~StubRoutines::call_stub
V  [libjvm.so+0x627356]  JavaCalls::call_helper(JavaValue*, methodHandle*, JavaCallArguments*, Thread*)+0x1056
V  [libjvm.so+0x627861]  JavaCalls::call_virtual(JavaValue*, KlassHandle, Symbol*, Symbol*, JavaCallArguments*, Thread*)+0x321
V  [libjvm.so+0x627d07]  JavaCalls::call_virtual(JavaValue*, Handle, KlassHandle, Symbol*, Symbol*, Thread*)+0x47
V  [libjvm.so+0x6a0e9e]  thread_entry(JavaThread*, Thread*)+0x7e
V  [libjvm.so+0x9e303f]  JavaThread::thread_main_inner()+0xdf
V  [libjvm.so+0x9e3205]  JavaThread::run()+0x1b5
V  [libjvm.so+0x8a00c8]  java_start(Thread*)+0x108


---------------  P R O C E S S  ---------------

Java Threads: ( => current thread )
=>0x00007fea20008000 JavaThread "pool-2-thread-9" [_thread_in_Java, id=9876, stack(0x00007fea716ac000,0x00007fea717ad000)]
  0x00007fea9d8b8800 JavaThread "pool-2-thread-2" [_thread_in_Java, id=9869, stack(0x00007fea719af000,0x00007fea71ab0000)]
  0x00007fea9c705800 JavaThread "process reaper" daemon [_thread_blocked, id=9852, stack(0x00007fea78033000,0x00007fea7806c000)]
  0x00007fea9c221000 JavaThread "Service Thread" daemon [_thread_blocked, id=9849, stack(0x00007fea733f4000,0x00007fea734f5000)]
  0x00007fea9c203800 JavaThread "C1 CompilerThread3" daemon [_thread_blocked, id=9848, stack(0x00007fea734f5000,0x00007fea735f6000)]
  0x00007fea9c201000 JavaThread "C2 CompilerThread2" daemon [_thread_in_native, id=9847, stack(0x00007fea735f6000,0x00007fea736f7000)]
  0x00007fea9c1ff800 JavaThread "C2 CompilerThread1" daemon [_thread_in_native, id=9846, stack(0x00007fea736f7000,0x00007fea737f8000)]
  0x00007fea9c1fc800 JavaThread "C2 CompilerThread0" daemon [_thread_blocked, id=9845, stack(0x00007fea737f8000,0x00007fea738f9000)]
  0x00007fea9c1fa800 JavaThread "Signal Dispatcher" daemon [_thread_blocked, id=9844, stack(0x00007fea738f9000,0x00007fea739fa000)]
  0x00007fea9c1ca800 JavaThread "Finalizer" daemon [_thread_blocked, id=9843, stack(0x00007fea739fa000,0x00007fea73afb000)]
  0x00007fea9c1c6800 JavaThread "Reference Handler" daemon [_thread_blocked, id=9842, stack(0x00007fea73afb000,0x00007fea73bfc000)]
  0x00007fea9c009800 JavaThread "main" [_thread_in_Java, id=9832, stack(0x00007feaa3299000,0x00007feaa339a000)]

Other Threads:
  0x00007fea9c1c1800 VMThread [stack: 0x00007fea73bfc000,0x00007fea73cfd000] [id=9841]
  0x00007fea9c223800 WatcherThread [stack: 0x00007fea732f3000,0x00007fea733f4000] [id=9850]

VM state:not at safepoint (normal execution)

VM Mutex/Monitor currently owned by a thread: None

Heap:
 PSYoungGen      total 458752K, used 259531K [0x00000000e0000000, 0x0000000100000000, 0x0000000100000000)
  eden space 393216K, 66% used [0x00000000e0000000,0x00000000efd72cf0,0x00000000f8000000)
  from space 65536K, 0% used [0x00000000f8000000,0x00000000f8000000,0x00000000fc000000)
  to   space 65536K, 0% used [0x00000000fc000000,0x00000000fc000000,0x0000000100000000)
 ParOldGen       total 1048576K, used 16129K [0x00000000a0000000, 0x00000000e0000000, 0x00000000e0000000)
  object space 1048576K, 1% used [0x00000000a0000000,0x00000000a0fc0608,0x00000000e0000000)
 Metaspace       used 31120K, capacity 31422K, committed 31488K, reserved 1075200K
  class space    used 6314K, capacity 6396K, committed 6400K, reserved 1048576K

Card table byte_map: [0x00007feaa21f8000,0x00007feaa24f9000] byte_map_base: 0x00007feaa1cf8000

Marking Bits: (ParMarkBitMap*) 0x00007feaa4292cc0
 Begin Bits: [0x00007fea79000000, 0x00007fea7a800000)
 End Bits:   [0x00007fea7a800000, 0x00007fea7c000000)

Polling page: 0x00007feaa4507000

CodeCache: size=196608Kb used=9198Kb max_used=9209Kb free=187409Kb
 bounds [0x00007fea90000000, 0x00007fea90910000, 0x00007fea9c000000]
 total_blobs=4019 nmethods=3615 adapters=317
 compilation: enabled

Compilation events (10 events):
Event: 3.265 Thread 0x00007fea9c1fc800 3601       4       scala.collection.TraversableLike$$anonfun$filter$1::apply (33 bytes)
Event: 3.267 Thread 0x00007fea9c203800 3602       3       java.util.IdentityHashMap$IdentityHashMapIterator::<init> (6 bytes)
Event: 3.267 Thread 0x00007fea9c203800 nmethod 3602 0x00007fea908f2350 code [0x00007fea908f24c0, 0x00007fea908f2648]
Event: 3.267 Thread 0x00007fea9c203800 3603       3       java.util.IdentityHashMap$IdentityHashMapIterator::<init> (63 bytes)
Event: 3.267 Thread 0x00007fea9c203800 nmethod 3603 0x00007fea908f1e10 code [0x00007fea908f1f80, 0x00007fea908f21f0]
Event: 3.270 Thread 0x00007fea9c203800 3604       1       sbt.Def$::taskDefinitionKey (5 bytes)
Event: 3.270 Thread 0x00007fea9c203800 nmethod 3604 0x00007fea908f1b50 code [0x00007fea908f1ca0, 0x00007fea908f1db0]
Event: 3.270 Thread 0x00007fea9c1fc800 nmethod 3601 0x00007fea908f6110 code [0x00007fea908f62a0, 0x00007fea908f65e8]
Event: 3.271 Thread 0x00007fea9c203800 3605       1       sbt.Keys$::transformState (5 bytes)
Event: 3.271 Thread 0x00007fea9c203800 nmethod 3605 0x00007fea908f1890 code [0x00007fea908f19e0, 0x00007fea908f1af0]

GC Heap History (4 events):
Event: 1.446 GC heap before
{Heap before GC invocations=1 (full 0):
 PSYoungGen      total 458752K, used 117966K [0x00000000e0000000, 0x0000000100000000, 0x0000000100000000)
  eden space 393216K, 30% used [0x00000000e0000000,0x00000000e7333978,0x00000000f8000000)
  from space 65536K, 0% used [0x00000000fc000000,0x00000000fc000000,0x0000000100000000)
  to   space 65536K, 0% used [0x00000000f8000000,0x00000000f8000000,0x00000000fc000000)
 ParOldGen       total 1048576K, used 0K [0x00000000a0000000, 0x00000000e0000000, 0x00000000e0000000)
  object space 1048576K, 0% used [0x00000000a0000000,0x00000000a0000000,0x00000000e0000000)
 Metaspace       used 20947K, capacity 21084K, committed 21248K, reserved 1067008K
  class space    used 3681K, capacity 3742K, committed 3840K, reserved 1048576K
Event: 1.476 GC heap after
Heap after GC invocations=1 (full 0):
 PSYoungGen      total 458752K, used 17026K [0x00000000e0000000, 0x0000000100000000, 0x0000000100000000)
  eden space 393216K, 0% used [0x00000000e0000000,0x00000000e0000000,0x00000000f8000000)
  from space 65536K, 25% used [0x00000000f8000000,0x00000000f90a0a68,0x00000000fc000000)
  to   space 65536K, 0% used [0x00000000fc000000,0x00000000fc000000,0x0000000100000000)
 ParOldGen       total 1048576K, used 16K [0x00000000a0000000, 0x00000000e0000000, 0x00000000e0000000)
  object space 1048576K, 0% used [0x00000000a0000000,0x00000000a0004000,0x00000000e0000000)
 Metaspace       used 20947K, capacity 21084K, committed 21248K, reserved 1067008K
  class space    used 3681K, capacity 3742K, committed 3840K, reserved 1048576K
}
Event: 1.477 GC heap before
{Heap before GC invocations=2 (full 1):
 PSYoungGen      total 458752K, used 17026K [0x00000000e0000000, 0x0000000100000000, 0x0000000100000000)
  eden space 393216K, 0% used [0x00000000e0000000,0x00000000e0000000,0x00000000f8000000)
  from space 65536K, 25% used [0x00000000f8000000,0x00000000f90a0a68,0x00000000fc000000)
  to   space 65536K, 0% used [0x00000000fc000000,0x00000000fc000000,0x0000000100000000)
 ParOldGen       total 1048576K, used 16K [0x00000000a0000000, 0x00000000e0000000, 0x00000000e0000000)
  object space 1048576K, 0% used [0x00000000a0000000,0x00000000a0004000,0x00000000e0000000)
 Metaspace       used 20947K, capacity 21084K, committed 21248K, reserved 1067008K
  class space    used 3681K, capacity 3742K, committed 3840K, reserved 1048576K
Event: 1.521 GC heap after
Heap after GC invocations=2 (full 1):
 PSYoungGen      total 458752K, used 0K [0x00000000e0000000, 0x0000000100000000, 0x0000000100000000)
  eden space 393216K, 0% used [0x00000000e0000000,0x00000000e0000000,0x00000000f8000000)
  from space 65536K, 0% used [0x00000000f8000000,0x00000000f8000000,0x00000000fc000000)
  to   space 65536K, 0% used [0x00000000fc000000,0x00000000fc000000,0x0000000100000000)
 ParOldGen       total 1048576K, used 16129K [0x00000000a0000000, 0x00000000e0000000, 0x00000000e0000000)
  object space 1048576K, 1% used [0x00000000a0000000,0x00000000a0fc0608,0x00000000e0000000)
 Metaspace       used 20947K, capacity 21084K, committed 21248K, reserved 1067008K
  class space    used 3681K, capacity 3742K, committed 3840K, reserved 1048576K
}

Deoptimization events (10 events):
Event: 3.165 Thread 0x00007fea9d8bb800 Uncommon trap: reason=class_check action=maybe_recompile pc=0x00007fea905c7fe4 method=scala.collection.TraversableLike$class.builder$2(Lscala/collection/TraversableLike;Lscala/collection/generic/CanBuildFrom;)Lscala/collection/mutable/Builder; @ 7
Event: 3.215 Thread 0x00007fea9d8bb800 Uncommon trap: reason=class_check action=maybe_recompile pc=0x00007fea9030d748 method=java.util.zip.InflaterInputStream.read([BII)I @ 100
Event: 3.236 Thread 0x00007fea9d8bb800 Uncommon trap: reason=class_check action=maybe_recompile pc=0x00007fea908227d4 method=sbinary.JavaOutput.writeAll([BII)V @ 7
Event: 3.236 Thread 0x00007fea9d8bb800 Uncommon trap: reason=class_check action=maybe_recompile pc=0x00007fea908227d4 method=sbinary.JavaOutput.writeAll([BII)V @ 7
Event: 3.236 Thread 0x00007fea9d8bb800 Uncommon trap: reason=class_check action=maybe_recompile pc=0x00007fea908227d4 method=sbinary.JavaOutput.writeAll([BII)V @ 7
Event: 3.236 Thread 0x00007fea9d8bb800 Uncommon trap: reason=class_check action=maybe_recompile pc=0x00007fea908227d4 method=sbinary.JavaOutput.writeAll([BII)V @ 7
Event: 3.236 Thread 0x00007fea9d8bb800 Uncommon trap: reason=class_check action=maybe_recompile pc=0x00007fea9083821c method=sbinary.JavaOutput.writeByte(B)V @ 5
Event: 3.236 Thread 0x00007fea9d8bb800 Uncommon trap: reason=class_check action=maybe_recompile pc=0x00007fea9083821c method=sbinary.JavaOutput.writeByte(B)V @ 5
Event: 3.236 Thread 0x00007fea9d8bb800 Uncommon trap: reason=class_check action=maybe_recompile pc=0x00007fea9083821c method=sbinary.JavaOutput.writeByte(B)V @ 5
Event: 3.236 Thread 0x00007fea9d8bb800 Uncommon trap: reason=class_check action=maybe_recompile pc=0x00007fea9083821c method=sbinary.JavaOutput.writeByte(B)V @ 5

Internal exceptions (10 events):
Event: 3.278 Thread 0x00007fea9c009800 Exception <a 'java/security/PrivilegedActionException'> (0x00000000e99d5d60) thrown at [/HUDSON/workspace/8-2-build-linux-amd64/jdk8u5/2488/hotspot/src/share/vm/prims/jvm.cpp, line 1248]
Event: 3.278 Thread 0x00007fea9c009800 Exception <a 'java/security/PrivilegedActionException'> (0x00000000e99d6930) thrown at [/HUDSON/workspace/8-2-build-linux-amd64/jdk8u5/2488/hotspot/src/share/vm/prims/jvm.cpp, line 1248]
Event: 3.279 Thread 0x00007fea9c009800 Exception <a 'java/security/PrivilegedActionException'> (0x00000000e99d7e58) thrown at [/HUDSON/workspace/8-2-build-linux-amd64/jdk8u5/2488/hotspot/src/share/vm/prims/jvm.cpp, line 1248]
Event: 3.279 Thread 0x00007fea9c009800 Exception <a 'java/security/PrivilegedActionException'> (0x00000000e99dc350) thrown at [/HUDSON/workspace/8-2-build-linux-amd64/jdk8u5/2488/hotspot/src/share/vm/prims/jvm.cpp, line 1248]
Event: 3.279 Thread 0x00007fea9c009800 Exception <a 'java/security/PrivilegedActionException'> (0x00000000e99dce80) thrown at [/HUDSON/workspace/8-2-build-linux-amd64/jdk8u5/2488/hotspot/src/share/vm/prims/jvm.cpp, line 1248]
Event: 3.279 Thread 0x00007fea9c009800 Exception <a 'java/security/PrivilegedActionException'> (0x00000000e99de188) thrown at [/HUDSON/workspace/8-2-build-linux-amd64/jdk8u5/2488/hotspot/src/share/vm/prims/jvm.cpp, line 1248]
Event: 3.280 Thread 0x00007fea9c009800 Exception <a 'java/security/PrivilegedActionException'> (0x00000000e99e55b0) thrown at [/HUDSON/workspace/8-2-build-linux-amd64/jdk8u5/2488/hotspot/src/share/vm/prims/jvm.cpp, line 1248]
Event: 3.280 Thread 0x00007fea9c009800 Exception <a 'java/security/PrivilegedActionException'> (0x00000000e99e62b0) thrown at [/HUDSON/workspace/8-2-build-linux-amd64/jdk8u5/2488/hotspot/src/share/vm/prims/jvm.cpp, line 1248]
Event: 3.280 Thread 0x00007fea9c009800 Exception <a 'java/security/PrivilegedActionException'> (0x00000000e99e7be8) thrown at [/HUDSON/workspace/8-2-build-linux-amd64/jdk8u5/2488/hotspot/src/share/vm/prims/jvm.cpp, line 1248]
Event: 3.280 Thread 0x00007fea9c009800 Exception <a 'java/security/PrivilegedActionException'> (0x00000000e99ede70) thrown at [/HUDSON/workspace/8-2-build-linux-amd64/jdk8u5/2488/hotspot/src/share/vm/prims/jvm.cpp, line 1248]

Events (10 events):
Event: 3.278 loading class sbt/SessionVar$$anonfun$orEmpty$1
Event: 3.278 loading class sbt/SessionVar$$anonfun$orEmpty$1 done
Event: 3.279 loading class sbt/SessionVar$Key
Event: 3.279 loading class sbt/SessionVar$Key done
Event: 3.279 Thread 0x00007fea9d8bd800 Thread exited: 0x00007fea9d8bd800
Event: 3.280 loading class sbt/EvaluateTaskConfig$$anonfun$defaultForceGarbageCollection$2
Event: 3.280 loading class sbt/EvaluateTaskConfig$$anonfun$defaultForceGarbageCollection$2 done
Event: 3.280 Thread 0x00007fea9d8bc800 Thread exited: 0x00007fea9d8bc800
Event: 3.280 loading class sbt/EvaluateTaskConfig$$anonfun$defaultForceGarbageCollection$1
Event: 3.280 loading class sbt/EvaluateTaskConfig$$anonfun$defaultForceGarbageCollection$1 done


Dynamic libraries:
00400000-00401000 r-xp 00000000 08:03 378492                             /usr/java/jdk1.8.0_05/bin/java
00600000-00601000 rw-p 00000000 08:03 378492                             /usr/java/jdk1.8.0_05/bin/java
01092000-010b3000 rw-p 00000000 00:00 0                                  [heap]
a0000000-100640000 rw-p 00000000 00:00 0 
100640000-140000000 ---p 00000000 00:00 0 
316c000000-316c020000 r-xp 00000000 08:03 2826260                        /lib64/ld-2.12.so
316c21f000-316c220000 r--p 0001f000 08:03 2826260                        /lib64/ld-2.12.so
316c220000-316c221000 rw-p 00020000 08:03 2826260                        /lib64/ld-2.12.so
316c221000-316c222000 rw-p 00000000 00:00 0 
316c400000-316c58a000 r-xp 00000000 08:03 2826343                        /lib64/libc-2.12.so
316c58a000-316c78a000 ---p 0018a000 08:03 2826343                        /lib64/libc-2.12.so
316c78a000-316c78e000 r--p 0018a000 08:03 2826343                        /lib64/libc-2.12.so
316c78e000-316c78f000 rw-p 0018e000 08:03 2826343                        /lib64/libc-2.12.so
316c78f000-316c794000 rw-p 00000000 00:00 0 
316c800000-316c883000 r-xp 00000000 08:03 2826402                        /lib64/libm-2.12.so
316c883000-316ca82000 ---p 00083000 08:03 2826402                        /lib64/libm-2.12.so
316ca82000-316ca83000 r--p 00082000 08:03 2826402                        /lib64/libm-2.12.so
316ca83000-316ca84000 rw-p 00083000 08:03 2826402                        /lib64/libm-2.12.so
316cc00000-316cc02000 r-xp 00000000 08:03 2826469                        /lib64/libdl-2.12.so
316cc02000-316ce02000 ---p 00002000 08:03 2826469                        /lib64/libdl-2.12.so
316ce02000-316ce03000 r--p 00002000 08:03 2826469                        /lib64/libdl-2.12.so
316ce03000-316ce04000 rw-p 00003000 08:03 2826469                        /lib64/libdl-2.12.so
316d000000-316d017000 r-xp 00000000 08:03 2826429                        /lib64/libpthread-2.12.so
316d017000-316d217000 ---p 00017000 08:03 2826429                        /lib64/libpthread-2.12.so
316d217000-316d218000 r--p 00017000 08:03 2826429                        /lib64/libpthread-2.12.so
316d218000-316d219000 rw-p 00018000 08:03 2826429                        /lib64/libpthread-2.12.so
316d219000-316d21d000 rw-p 00000000 00:00 0 
316d800000-316d807000 r-xp 00000000 08:03 2831091                        /lib64/librt-2.12.so
316d807000-316da06000 ---p 00007000 08:03 2831091                        /lib64/librt-2.12.so
316da06000-316da07000 r--p 00006000 08:03 2831091                        /lib64/librt-2.12.so
316da07000-316da08000 rw-p 00007000 08:03 2831091                        /lib64/librt-2.12.so
317cc00000-317cc16000 r-xp 00000000 08:03 2831462                        /lib64/libnsl-2.12.so
317cc16000-317ce15000 ---p 00016000 08:03 2831462                        /lib64/libnsl-2.12.so
317ce15000-317ce16000 r--p 00015000 08:03 2831462                        /lib64/libnsl-2.12.so
317ce16000-317ce17000 rw-p 00016000 08:03 2831462                        /lib64/libnsl-2.12.so
317ce17000-317ce19000 rw-p 00000000 00:00 0 
7fea10000000-7fea10021000 rw-p 00000000 00:00 0 
7fea10021000-7fea14000000 ---p 00000000 00:00 0 
7fea14000000-7fea1427b000 rw-p 00000000 00:00 0 
7fea1427b000-7fea18000000 ---p 00000000 00:00 0 
7fea18000000-7fea18021000 rw-p 00000000 00:00 0 
7fea18021000-7fea1c000000 ---p 00000000 00:00 0 
7fea1c000000-7fea1c021000 rw-p 00000000 00:00 0 
7fea1c021000-7fea20000000 ---p 00000000 00:00 0 
7fea20000000-7fea20021000 rw-p 00000000 00:00 0 
7fea20021000-7fea24000000 ---p 00000000 00:00 0 
7fea24000000-7fea2406f000 rw-p 00000000 00:00 0 
7fea2406f000-7fea28000000 ---p 00000000 00:00 0 
7fea28000000-7fea28021000 rw-p 00000000 00:00 0 
7fea28021000-7fea2c000000 ---p 00000000 00:00 0 
7fea2c000000-7fea2c0d8000 rw-p 00000000 00:00 0 
7fea2c0d8000-7fea30000000 ---p 00000000 00:00 0 
7fea30000000-7fea30021000 rw-p 00000000 00:00 0 
7fea30021000-7fea34000000 ---p 00000000 00:00 0 
7fea34000000-7fea34021000 rw-p 00000000 00:00 0 
7fea34021000-7fea38000000 ---p 00000000 00:00 0 
7fea38000000-7fea38021000 rw-p 00000000 00:00 0 
7fea38021000-7fea3c000000 ---p 00000000 00:00 0 
7fea3c000000-7fea3c021000 rw-p 00000000 00:00 0 
7fea3c021000-7fea40000000 ---p 00000000 00:00 0 
7fea40000000-7fea41578000 rw-p 00000000 00:00 0 
7fea41578000-7fea44000000 ---p 00000000 00:00 0 
7fea44000000-7fea44532000 rw-p 00000000 00:00 0 
7fea44532000-7fea48000000 ---p 00000000 00:00 0 
7fea48000000-7fea49803000 rw-p 00000000 00:00 0 
7fea49803000-7fea4c000000 ---p 00000000 00:00 0 
7fea4c000000-7fea4cb6a000 rw-p 00000000 00:00 0 
7fea4cb6a000-7fea50000000 ---p 00000000 00:00 0 
7fea50000000-7fea50021000 rw-p 00000000 00:00 0 
7fea50021000-7fea54000000 ---p 00000000 00:00 0 
7fea5616f000-7fea5c000000 r--p 00000000 08:03 168687                     /usr/lib/locale/locale-archive
7fea5c000000-7fea5c021000 rw-p 00000000 00:00 0 
7fea5c021000-7fea60000000 ---p 00000000 00:00 0 
7fea60000000-7fea60021000 rw-p 00000000 00:00 0 
7fea60021000-7fea64000000 ---p 00000000 00:00 0 
7fea64000000-7fea64021000 rw-p 00000000 00:00 0 
7fea64021000-7fea68000000 ---p 00000000 00:00 0 
7fea68000000-7fea6807d000 rw-p 00000000 00:00 0 
7fea6807d000-7fea6c000000 ---p 00000000 00:00 0 
7fea6c000000-7fea6c021000 rw-p 00000000 00:00 0 
7fea6c021000-7fea70000000 ---p 00000000 00:00 0 
7fea71106000-7fea71110000 r--s 0005f000 00:13 65078206                   /users/rbierman/.ivy2/cache/org.scalaz/scalaz-effect_2.10/bundles/scalaz-effect_2.10-7.0.2.jar
7fea71110000-7fea71182000 r--s 0065d000 00:13 64981226                   /users/rbierman/.ivy2/cache/org.scala-lang/scala-library/jars/scala-library-2.10.1.jar
7fea71182000-7fea7122f000 r--s 00786000 00:13 65078204                   /users/rbierman/.ivy2/cache/org.scalaz/scalaz-core_2.10/bundles/scalaz-core_2.10-7.0.2.jar
7fea7122f000-7fea71236000 r--s 0003b000 00:13 48892060                   /users/rbierman/.ivy2/cache/scala_2.10/sbt_0.13/com.typesafe.sbteclipse/sbteclipse-core/jars/sbteclipse-core-2.4.0.jar
7fea71236000-7fea71238000 r--s 00001000 00:13 48595845                   /users/rbierman/.ivy2/cache/scala_2.10/sbt_0.13/com.typesafe.sbteclipse/sbteclipse-plugin/jars/sbteclipse-plugin-2.4.0.jar
7fea71238000-7fea71243000 r--s 000b5000 00:13 65096033                   /users/rbierman/.ivy2/cache/org.apache.tomcat.embed/tomcat-embed-jasper/jars/tomcat-embed-jasper-7.0.22.jar
7fea71243000-7fea71245000 r--s 00008000 00:13 65096031                   /users/rbierman/.ivy2/cache/org.apache.tomcat.embed/tomcat-embed-logging-juli/jars/tomcat-embed-logging-juli-7.0.22.jar
7fea71245000-7fea71265000 r--s 00233000 00:13 65096029                   /users/rbierman/.ivy2/cache/org.apache.tomcat.embed/tomcat-embed-core/jars/tomcat-embed-core-7.0.22.jar
7fea71265000-7fea71267000 r--s 00004000 00:13 65094260                   /users/rbierman/.ivy2/cache/org.ow2.asm/asm-tree/jars/asm-tree-4.1.jar
7fea71267000-7fea71269000 r--s 00008000 00:13 65096056                   /users/rbierman/.ivy2/cache/org.ow2.asm/asm-commons/jars/asm-commons-4.1.jar
7fea71269000-7fea7126a000 r--s 0000b000 00:13 65094258                   /users/rbierman/.ivy2/cache/org.ow2.asm/asm/jars/asm-4.1.jar
7fea7126a000-7fea7126c000 r--s 00005000 00:13 65096054                   /users/rbierman/.ivy2/cache/javax.annotation/javax.annotation-api/jars/javax.annotation-api-1.2.jar
7fea7126c000-7fea7126e000 r--s 00011000 00:13 65096025                   /users/rbierman/.ivy2/cache/org.eclipse.jetty/jetty-annotations/jars/jetty-annotations-9.1.0.v20131115.jar
7fea7126e000-7fea7126f000 r--s 00009000 00:13 65096058                   /users/rbierman/.ivy2/cache/org.eclipse.jetty/jetty-jndi/jars/jetty-jndi-9.1.0.v20131115.jar
7fea7126f000-7fea71271000 r--s 0000b000 00:13 65096027                   /users/rbierman/.ivy2/cache/org.eclipse.jetty/jetty-plus/jars/jetty-plus-9.1.0.v20131115.jar
7fea71271000-7fea71273000 r--s 00016000 00:13 65096052                   /users/rbierman/.ivy2/cache/org.eclipse.jetty/jetty-io/jars/jetty-io-9.1.0.v20131115.jar
7fea71273000-7fea71276000 r--s 00017000 00:13 65096051                   /users/rbierman/.ivy2/cache/org.eclipse.jetty/jetty-http/jars/jetty-http-9.1.0.v20131115.jar
7fea71276000-7fea71279000 r--s 00015000 00:13 65096050                   /users/rbierman/.ivy2/cache/javax.servlet/javax.servlet-api/jars/javax.servlet-api-3.1.0.jar
7fea71279000-7fea7127f000 r--s 00059000 00:13 65096048                   /users/rbierman/.ivy2/cache/org.eclipse.jetty/jetty-server/jars/jetty-server-9.1.0.v20131115.jar
7fea7127f000-7fea71282000 r--s 00015000 00:13 65096046                   /users/rbierman/.ivy2/cache/org.eclipse.jetty/jetty-security/jars/jetty-security-9.1.0.v20131115.jar
7fea71282000-7fea71285000 r--s 00018000 00:13 65096043                   /users/rbierman/.ivy2/cache/org.eclipse.jetty/jetty-servlet/jars/jetty-servlet-9.1.0.v20131115.jar
7fea71285000-7fea7128b000 r--s 0004b000 00:13 65096044                   /users/rbierman/.ivy2/cache/org.eclipse.jetty/jetty-util/jars/jetty-util-9.1.0.v20131115.jar
7fea7128b000-7fea7128d000 r--s 00009000 00:13 65096041                   /users/rbierman/.ivy2/cache/org.eclipse.jetty/jetty-xml/jars/jetty-xml-9.1.0.v20131115.jar
7fea7128d000-7fea71290000 r--s 00019000 00:13 65096023                   /users/rbierman/.ivy2/cache/org.eclipse.jetty/jetty-webapp/jars/jetty-webapp-9.1.0.v20131115.jar
7fea71290000-7fea71292000 r--s 00002000 00:13 65096039                   /users/rbierman/.ivy2/cache/geronimo-spec/geronimo-spec-jta/jars/geronimo-spec-jta-1.0.1B-rc4.jar
7fea71292000-7fea71294000 r--s 0000d000 00:13 65096021                   /users/rbierman/.ivy2/cache/org.mortbay.jetty/jetty-plus/jars/jetty-plus-6.1.22.jar
7fea71294000-7fea71296000 r--s 0001f000 00:13 65096037                   /users/rbierman/.ivy2/cache/org.mortbay.jetty/servlet-api/jars/servlet-api-2.5-20081211.jar
7fea71296000-7fea7129a000 r--s 00028000 00:13 65096035                   /users/rbierman/.ivy2/cache/org.mortbay.jetty/jetty-util/jars/jetty-util-6.1.22.jar
7fea7129a000-7fea712a1000 r--s 0007d000 00:13 65096019                   /users/rbierman/.ivy2/cache/org.mortbay.jetty/jetty/jars/jetty-6.1.22.jar
7fea712a1000-7fea712a7000 r--s 00033000 00:13 65096017                   /users/rbierman/.ivy2/cache/scala_2.10/sbt_0.13/com.earldouglas/xsbt-web-plugin/jars/xsbt-web-plugin-0.7.0.jar
7fea712a7000-7fea712a9000 r--s 0000e000 00:13 65096015                   /users/rbierman/.ivy2/cache/scala_2.10/sbt_0.13/org.scalatra.sbt/scalatra-sbt/jars/scalatra-sbt-0.3.5.jar
7fea712a9000-7fea712ab000 r--s 00009000 00:13 65096013                   /users/rbierman/.ivy2/cache/scala_2.10/sbt_0.13/com.mojolly.scalate/xsbt-scalate-generator/jars/xsbt-scalate-generator-0.5.0.jar
7fea712ab000-7fea7132c000 rw-p 00000000 00:00 0 
7fea7132c000-7fea714ac000 ---p 00000000 00:00 0 
7fea714ac000-7fea716ac000 rw-p 00000000 00:00 0 
7fea716ac000-7fea716af000 ---p 00000000 00:00 0 
7fea716af000-7fea717ad000 rw-p 00000000 00:00 0 
7fea717ad000-7fea717b0000 ---p 00000000 00:00 0 
7fea717b0000-7fea718ae000 rw-p 00000000 00:00 0 
7fea718ae000-7fea718b1000 ---p 00000000 00:00 0 
7fea718b1000-7fea719af000 rw-p 00000000 00:00 0 
7fea719af000-7fea719b2000 ---p 00000000 00:00 0 
7fea719b2000-7fea71ab0000 rw-p 00000000 00:00 0 
7fea71ab0000-7fea71ab3000 ---p 00000000 00:00 0 
7fea71ab3000-7fea71bb1000 rw-p 00000000 00:00 0 
7fea71bb1000-7fea71bb4000 ---p 00000000 00:00 0 
7fea71bb4000-7fea71cb2000 rw-p 00000000 00:00 0 
7fea71cb2000-7fea71cb5000 ---p 00000000 00:00 0 
7fea71cb5000-7fea71db3000 rw-p 00000000 00:00 0 
7fea71db3000-7fea71db6000 ---p 00000000 00:00 0 
7fea71db6000-7fea71eb4000 rw-p 00000000 00:00 0 
7fea71eb4000-7fea71eb7000 ---p 00000000 00:00 0 
7fea71eb7000-7fea721b5000 rw-p 00000000 00:00 0 
7fea721b5000-7fea723b5000 rw-p 00000000 00:00 0 
7fea723b5000-7fea725b5000 rw-p 00000000 00:00 0 
7fea725b5000-7fea727b5000 rw-p 00000000 00:00 0 
7fea727b5000-7fea729b5000 rw-p 00000000 00:00 0 
7fea729b5000-7fea72bb5000 rw-p 00000000 00:00 0 
7fea72bb5000-7fea72db5000 rw-p 00000000 00:00 0 
7fea72db5000-7fea72eb2000 r--s 00cca000 00:13 65029267                   /users/rbierman/.sbt/0.13.5/boot/scala-2.10.4/lib/scala-compiler.jar
7fea72eb2000-7fea72ec2000 r-xp 00000000 08:03 410056                     /usr/java/jdk1.8.0_05/jre/lib/amd64/libnio.so
7fea72ec2000-7fea730c2000 ---p 00010000 08:03 410056                     /usr/java/jdk1.8.0_05/jre/lib/amd64/libnio.so
7fea730c2000-7fea730c3000 rw-p 00010000 08:03 410056                     /usr/java/jdk1.8.0_05/jre/lib/amd64/libnio.so
7fea730c3000-7fea730d9000 r-xp 00000000 08:03 410080                     /usr/java/jdk1.8.0_05/jre/lib/amd64/libnet.so
7fea730d9000-7fea732d8000 ---p 00016000 08:03 410080                     /usr/java/jdk1.8.0_05/jre/lib/amd64/libnet.so
7fea732d8000-7fea732d9000 rw-p 00015000 08:03 410080                     /usr/java/jdk1.8.0_05/jre/lib/amd64/libnet.so
7fea732d9000-7fea732f3000 r--s 00107000 00:13 64980568                   /users/rbierman/Local/HTML-Documents/ScheduleGuru-Scalatra/scheduleguru/.lib/0.13.5/sbt-launch.jar
7fea732f3000-7fea732f4000 ---p 00000000 00:00 0 
7fea732f4000-7fea733f4000 rw-p 00000000 00:00 0 
7fea733f4000-7fea733f7000 ---p 00000000 00:00 0 
7fea733f7000-7fea734f5000 rw-p 00000000 00:00 0 
7fea734f5000-7fea734f8000 ---p 00000000 00:00 0 
7fea734f8000-7fea735f6000 rw-p 00000000 00:00 0 
7fea735f6000-7fea735f9000 ---p 00000000 00:00 0 
7fea735f9000-7fea736f7000 rw-p 00000000 00:00 0 
7fea736f7000-7fea736fa000 ---p 00000000 00:00 0 
7fea736fa000-7fea737f8000 rw-p 00000000 00:00 0 
7fea737f8000-7fea737fb000 ---p 00000000 00:00 0 
7fea737fb000-7fea738f9000 rw-p 00000000 00:00 0 
7fea738f9000-7fea738fc000 ---p 00000000 00:00 0 
7fea738fc000-7fea739fa000 rw-p 00000000 00:00 0 
7fea739fa000-7fea739fd000 ---p 00000000 00:00 0 
7fea739fd000-7fea73afb000 rw-p 00000000 00:00 0 
7fea73afb000-7fea73afe000 ---p 00000000 00:00 0 
7fea73afe000-7fea73bfc000 rw-p 00000000 00:00 0 
7fea73bfc000-7fea73bfd000 ---p 00000000 00:00 0 
7fea73bfd000-7fea74000000 rw-p 00000000 00:00 0 
7fea74000000-7fea74021000 rw-p 00000000 00:00 0 
7fea74021000-7fea78000000 ---p 00000000 00:00 0 
7fea78000000-7fea78001000 rw-p 00000000 00:00 0 
7fea78001000-7fea7800c000 r--s 0021a000 08:03 417906                     /usr/java/jdk1.8.0_05/jre/lib/ext/localedata.jar
7fea7800c000-7fea7802e000 r--s 0038e000 08:03 417897                     /usr/java/jdk1.8.0_05/jre/lib/ext/cldrdata.jar
7fea7802e000-7fea78033000 r--s 00092000 08:03 402721                     /usr/java/jdk1.8.0_05/jre/lib/jsse.jar
7fea78033000-7fea78036000 ---p 00000000 00:00 0 
7fea78036000-7fea7806c000 rw-p 00000000 00:00 0 
7fea7806c000-7fea7806e000 r--s 0000b000 00:13 65029244                   /users/rbierman/.sbt/0.13.5/boot/scala-2.10.4/org.scala-sbt/sbt/0.13.5/xsbti/interface-0.13.5.jar
7fea7806e000-7fea78079000 r--s 000a3000 00:13 65028806                   /users/rbierman/.sbt/0.13.5/boot/scala-2.10.4/org.scala-sbt/sbt/0.13.5/ivy-0.13.5.jar
7fea78079000-7fea7807c000 r--s 00017000 00:13 65029242                   /users/rbierman/.sbt/0.13.5/boot/scala-2.10.4/org.scala-sbt/sbt/0.13.5/testing-0.13.5.jar
7fea7807c000-7fea78086000 r--s 00090000 00:13 65029257                   /users/rbierman/.sbt/0.13.5/boot/scala-2.10.4/org.scala-sbt/sbt/0.13.5/main-settings-0.13.5.jar
7fea78086000-7fea78089000 r--s 00012000 00:13 65029255                   /users/rbierman/.sbt/0.13.5/boot/scala-2.10.4/org.scala-sbt/sbt/0.13.5/classfile-0.13.5.jar
7fea78089000-7fea7808b000 r--s 00001000 00:13 65029258                   /users/rbierman/.sbt/0.13.5/boot/scala-2.10.4/org.scala-sbt/sbt/0.13.5/compiler-ivy-integration-0.13.5.jar
7fea7808b000-7fea7808d000 r--s 00001000 00:13 65028785                   /users/rbierman/.sbt/0.13.5/boot/scala-2.10.4/org.scala-sbt/sbt/0.13.5/cross-0.13.5.jar
7fea7808d000-7fea78091000 r--s 0001b000 00:13 65029240                   /users/rbierman/.sbt/0.13.5/boot/scala-2.10.4/org.scala-sbt/sbt/0.13.5/process-0.13.5.jar
7fea78091000-7fea78094000 r--s 0001a000 00:13 65029259                   /users/rbierman/.sbt/0.13.5/boot/scala-2.10.4/org.scala-sbt/sbt/0.13.5/cache-0.13.5.jar
7fea78094000-7fea7809c000 r--s 00057000 00:13 65029251                   /users/rbierman/.sbt/0.13.5/boot/scala-2.10.4/org.scala-sbt/sbt/0.13.5/completion-0.13.5.jar
7fea7809c000-7fea7809f000 r--s 00018000 00:13 65028787                   /users/rbierman/.sbt/0.13.5/boot/scala-2.10.4/org.scala-sbt/sbt/0.13.5/logging-0.13.5.jar
7fea7809f000-7fea780a1000 r--s 00002000 00:13 65029241                   /users/rbierman/.sbt/0.13.5/boot/scala-2.10.4/org.scala-sbt/sbt/0.13.5/test-interface-1.0.jar
7fea780a1000-7fea780a5000 r--s 00034000 00:13 65028798                   /users/rbierman/.sbt/0.13.5/boot/scala-2.10.4/org.scala-sbt/sbt/0.13.5/jsch-0.1.46.jar
7fea780a5000-7fea780cc000 r--s 00200000 00:13 65029237                   /users/rbierman/.sbt/0.13.5/boot/scala-2.10.4/org.scala-sbt/sbt/0.13.5/main-0.13.5.jar
7fea780cc000-7fea780ce000 r--s 00002000 00:13 65028791                   /users/rbierman/.sbt/0.13.5/boot/scala-2.10.4/org.scala-sbt/sbt/0.13.5/control-0.13.5.jar
7fea780ce000-7fea780d6000 r--s 0005c000 00:13 65028807                   /users/rbierman/.sbt/0.13.5/boot/scala-2.10.4/org.scala-sbt/sbt/0.13.5/collections-0.13.5.jar
7fea780d6000-7fea780d7000 r--s 00005000 00:13 65029247                   /users/rbierman/.sbt/0.13.5/boot/scala-2.10.4/org.scala-sbt/sbt/0.13.5/test-agent-0.13.5.jar
7fea780d7000-7fea780da000 r--s 0000e000 00:13 65029261                   /users/rbierman/.sbt/0.13.5/boot/scala-2.10.4/org.scala-sbt/sbt/0.13.5/compiler-integration-0.13.5.jar
7fea780da000-7fea780e0000 r--s 0003d000 00:13 65029253                   /users/rbierman/.sbt/0.13.5/boot/scala-2.10.4/org.scala-sbt/sbt/0.13.5/io-0.13.5.jar
7fea780e0000-7fea780e2000 r--s 00014000 00:13 65028788                   /users/rbierman/.sbt/0.13.5/boot/scala-2.10.4/org.scala-sbt/sbt/0.13.5/apply-macro-0.13.5.jar
7fea780e2000-7fea780e7000 r--s 00036000 00:13 65029260                   /users/rbierman/.sbt/0.13.5/boot/scala-2.10.4/org.scala-sbt/sbt/0.13.5/command-0.13.5.jar
7fea780e7000-7fea780ea000 r--s 00019000 00:13 65028805                   /users/rbierman/.sbt/0.13.5/boot/scala-2.10.4/org.scala-sbt/sbt/0.13.5/compile-0.13.5.jar
7fea780ea000-7fea780f1000 r--s 00049000 00:13 65028792                   /users/rbierman/.sbt/0.13.5/boot/scala-2.10.4/org.scala-sbt/sbt/0.13.5/api-0.13.5.jar
7fea780f1000-7fea7c000000 rw-p 00000000 00:00 0 
7fea7c000000-7fea7c021000 rw-p 00000000 00:00 0 
7fea7c021000-7fea80000000 ---p 00000000 00:00 0 
7fea80000000-7fea80021000 rw-p 00000000 00:00 0 
7fea80021000-7fea84000000 ---p 00000000 00:00 0 
7fea84000000-7fea84021000 rw-p 00000000 00:00 0 
7fea84021000-7fea88000000 ---p 00000000 00:00 0 
7fea88000000-7fea88021000 rw-p 00000000 00:00 0 
7fea88021000-7fea8c000000 ---p 00000000 00:00 0 
7fea8c000000-7fea8c021000 rw-p 00000000 00:00 0 
7fea8c021000-7fea90000000 ---p 00000000 00:00 0 
7fea90000000-7fea90910000 rwxp 00000000 00:00 0 
7fea90910000-7fea9c000000 ---p 00000000 00:00 0 
7fea9c000000-7fea9d9e8000 rw-p 00000000 00:00 0 
7fea9d9e8000-7feaa0000000 ---p 00000000 00:00 0 
7feaa0000000-7feaa0002000 r--s 00001000 00:13 65029248                   /users/rbierman/.sbt/0.13.5/boot/scala-2.10.4/org.scala-sbt/sbt/0.13.5/launcher-interface-0.13.5.jar
7feaa0002000-7feaa000a000 r--s 0005e000 00:13 65028810                   /users/rbierman/.sbt/0.13.5/boot/scala-2.10.4/org.scala-sbt/sbt/0.13.5/incremental-compiler-0.13.5.jar
7feaa000a000-7feaa000b000 r--s 0000a000 00:13 65029250                   /users/rbierman/.sbt/0.13.5/boot/scala-2.10.4/org.scala-sbt/sbt/0.13.5/tracking-0.13.5.jar
7feaa000b000-7feaa000f000 r--s 00022000 00:13 65028793                   /users/rbierman/.sbt/0.13.5/boot/scala-2.10.4/org.scala-sbt/sbt/0.13.5/sbinary_2.10-0.4.2.jar
7feaa000f000-7feaa0011000 r--s 00006000 00:13 65028804                   /users/rbierman/.sbt/0.13.5/boot/scala-2.10.4/org.scala-sbt/sbt/0.13.5/relation-0.13.5.jar
7feaa0011000-7feaa0014000 r--s 00030000 00:13 65029254                   /users/rbierman/.sbt/0.13.5/boot/scala-2.10.4/org.scala-sbt/sbt/0.13.5/jline-2.11.jar
7feaa0014000-7feaa004a000 r--s 002d9000 00:13 65029256                   /users/rbierman/.sbt/0.13.5/boot/scala-2.10.4/org.scala-sbt/sbt/0.13.5/scala-reflect-2.10.4.jar
7feaa004a000-7feaa00bc000 r--s 0065a000 00:13 65029268                   /users/rbierman/.sbt/0.13.5/boot/scala-2.10.4/lib/scala-library.jar
7feaa00bc000-7feaa00f2000 r--s 002d9000 00:13 65029266                   /users/rbierman/.sbt/0.13.5/boot/scala-2.10.4/lib/scala-reflect.jar
7feaa00f2000-7feaa0a4a000 rw-p 00000000 00:00 0 
7feaa0a4a000-7feaa0c1f000 r--s 03c4d000 08:03 402705                     /usr/java/jdk1.8.0_05/jre/lib/rt.jar
7feaa0c1f000-7feaa17f0000 rw-p 00000000 00:00 0 
7feaa17f0000-7feaa17f1000 ---p 00000000 00:00 0 
7feaa17f1000-7feaa18f1000 rw-p 00000000 00:00 0 
7feaa18f1000-7feaa18f2000 ---p 00000000 00:00 0 
7feaa18f2000-7feaa19f2000 rw-p 00000000 00:00 0 
7feaa19f2000-7feaa19f3000 ---p 00000000 00:00 0 
7feaa19f3000-7feaa1af3000 rw-p 00000000 00:00 0 
7feaa1af3000-7feaa1af4000 ---p 00000000 00:00 0 
7feaa1af4000-7feaa1bf4000 rw-p 00000000 00:00 0 
7feaa1bf4000-7feaa1bf5000 ---p 00000000 00:00 0 
7feaa1bf5000-7feaa1cf5000 rw-p 00000000 00:00 0 
7feaa1cf5000-7feaa1cf6000 ---p 00000000 00:00 0 
7feaa1cf6000-7feaa1df6000 rw-p 00000000 00:00 0 
7feaa1df6000-7feaa1df7000 ---p 00000000 00:00 0 
7feaa1df7000-7feaa1ef7000 rw-p 00000000 00:00 0 
7feaa1ef7000-7feaa1ef8000 ---p 00000000 00:00 0 
7feaa1ef8000-7feaa251e000 rw-p 00000000 00:00 0 
7feaa251e000-7feaa27f9000 ---p 00000000 00:00 0 
7feaa27f9000-7feaa2815000 r-xp 00000000 08:03 410073                     /usr/java/jdk1.8.0_05/jre/lib/amd64/libzip.so
7feaa2815000-7feaa2a14000 ---p 0001c000 08:03 410073                     /usr/java/jdk1.8.0_05/jre/lib/amd64/libzip.so
7feaa2a14000-7feaa2a15000 rw-p 0001b000 08:03 410073                     /usr/java/jdk1.8.0_05/jre/lib/amd64/libzip.so
7feaa2a15000-7feaa2a1f000 r-xp 00000000 08:03 2826373                    /lib64/libnss_nis-2.12.so
7feaa2a1f000-7feaa2c1e000 ---p 0000a000 08:03 2826373                    /lib64/libnss_nis-2.12.so
7feaa2c1e000-7feaa2c1f000 r--p 00009000 08:03 2826373                    /lib64/libnss_nis-2.12.so
7feaa2c1f000-7feaa2c20000 rw-p 0000a000 08:03 2826373                    /lib64/libnss_nis-2.12.so
7feaa2c20000-7feaa2c2c000 r-xp 00000000 08:03 2826606                    /lib64/libnss_files-2.12.so
7feaa2c2c000-7feaa2e2c000 ---p 0000c000 08:03 2826606                    /lib64/libnss_files-2.12.so
7feaa2e2c000-7feaa2e2d000 r--p 0000c000 08:03 2826606                    /lib64/libnss_files-2.12.so
7feaa2e2d000-7feaa2e2e000 rw-p 0000d000 08:03 2826606                    /lib64/libnss_files-2.12.so
7feaa2e2e000-7feaa2e30000 r--s 0000e000 00:13 65029262                   /users/rbierman/.sbt/0.13.5/boot/scala-2.10.4/org.scala-sbt/sbt/0.13.5/logic-0.13.5.jar
7feaa2e30000-7feaa2e34000 r--s 00024000 00:13 65029246                   /users/rbierman/.sbt/0.13.5/boot/scala-2.10.4/org.scala-sbt/sbt/0.13.5/persist-0.13.5.jar
7feaa2e34000-7feaa2e37000 r--s 0001d000 00:13 65029252                   /users/rbierman/.sbt/0.13.5/boot/scala-2.10.4/org.scala-sbt/sbt/0.13.5/tasks-0.13.5.jar
7feaa2e37000-7feaa2e3a000 r--s 0001e000 00:13 65028786                   /users/rbierman/.sbt/0.13.5/boot/scala-2.10.4/org.scala-sbt/sbt/0.13.5/run-0.13.5.jar
7feaa2e3a000-7feaa2e3d000 r--s 0001d000 00:13 65029249                   /users/rbierman/.sbt/0.13.5/boot/scala-2.10.4/org.scala-sbt/sbt/0.13.5/task-system-0.13.5.jar
7feaa2e3d000-7feaa2e40000 r--s 00013000 00:13 65028842                   /users/rbierman/.sbt/0.13.5/boot/scala-2.10.4/org.scala-sbt/sbt/0.13.5/classpath-0.13.5.jar
7feaa2e40000-7feaa2e49000 r--s 00064000 00:13 65029032                   /users/rbierman/.sbt/0.13.5/boot/scala-2.10.4/org.scala-sbt/sbt/0.13.5/actions-0.13.5.jar
7feaa2e49000-7feaa2e5e000 r--s 00116000 00:13 65028801                   /users/rbierman/.sbt/0.13.5/boot/scala-2.10.4/org.scala-sbt/sbt/0.13.5/ivy-2.3.0.jar
7feaa2e5e000-7feaa2e88000 r-xp 00000000 08:03 410102                     /usr/java/jdk1.8.0_05/jre/lib/amd64/libjava.so
7feaa2e88000-7feaa3088000 ---p 0002a000 08:03 410102                     /usr/java/jdk1.8.0_05/jre/lib/amd64/libjava.so
7feaa3088000-7feaa308a000 rw-p 0002a000 08:03 410102                     /usr/java/jdk1.8.0_05/jre/lib/amd64/libjava.so
7feaa308a000-7feaa3097000 r-xp 00000000 08:03 410104                     /usr/java/jdk1.8.0_05/jre/lib/amd64/libverify.so
7feaa3097000-7feaa3297000 ---p 0000d000 08:03 410104                     /usr/java/jdk1.8.0_05/jre/lib/amd64/libverify.so
7feaa3297000-7feaa3299000 rw-p 0000d000 08:03 410104                     /usr/java/jdk1.8.0_05/jre/lib/amd64/libverify.so
7feaa3299000-7feaa329c000 ---p 00000000 00:00 0 
7feaa329c000-7feaa339a000 rw-p 00000000 00:00 0 
7feaa339a000-7feaa3fb4000 r-xp 00000000 08:03 410051                     /usr/java/jdk1.8.0_05/jre/lib/amd64/server/libjvm.so
7feaa3fb4000-7feaa41b3000 ---p 00c1a000 08:03 410051                     /usr/java/jdk1.8.0_05/jre/lib/amd64/server/libjvm.so
7feaa41b3000-7feaa427c000 rw-p 00c19000 08:03 410051                     /usr/java/jdk1.8.0_05/jre/lib/amd64/server/libjvm.so
7feaa427c000-7feaa42c0000 rw-p 00000000 00:00 0 
7feaa42c0000-7feaa42d7000 r-xp 00000000 08:03 402565                     /usr/java/jdk1.8.0_05/lib/amd64/jli/libjli.so
7feaa42d7000-7feaa44d6000 ---p 00017000 08:03 402565                     /usr/java/jdk1.8.0_05/lib/amd64/jli/libjli.so
7feaa44d6000-7feaa44d7000 rw-p 00016000 08:03 402565                     /usr/java/jdk1.8.0_05/lib/amd64/jli/libjli.so
7feaa44d7000-7feaa44d8000 rw-p 00000000 00:00 0 
7feaa44d8000-7feaa44d9000 r--s 00005000 00:13 65029245                   /users/rbierman/.sbt/0.13.5/boot/scala-2.10.4/org.scala-sbt/sbt/0.13.5/sbt-0.13.5.jar
7feaa44d9000-7feaa44dc000 r--s 00018000 00:13 65029265                   /users/rbierman/.sbt/0.13.5/boot/scala-2.10.4/lib/jansi.jar
7feaa44dc000-7feaa44e0000 r--s 00025000 00:13 65029264                   /users/rbierman/.sbt/0.13.5/boot/scala-2.10.4/lib/jline.jar
7feaa44e0000-7feaa44fe000 rw-p 00000000 00:00 0 
7feaa44fe000-7feaa4506000 rw-s 00000000 08:03 3118560                    /tmp/hsperfdata_rbierman/9795
7feaa4506000-7feaa4507000 rw-p 00000000 00:00 0 
7feaa4507000-7feaa4508000 r--p 00000000 00:00 0 
7feaa4508000-7feaa4509000 rw-p 00000000 00:00 0 
7fffaa6a6000-7fffaa6bb000 rw-p 00000000 00:00 0                          [stack]
7fffaa7ff000-7fffaa800000 r-xp 00000000 00:00 0                          [vdso]
ffffffffff600000-ffffffffff601000 r-xp 00000000 00:00 0                  [vsyscall]

VM Arguments:
jvm_args: -Xms1536m -Xmx1536m -XX:MaxPermSize=384m -XX:ReservedCodeCacheSize=192m -Dfile.encoding=UTF8 -XX:+CMSClassUnloadingEnabled -Dsbt.global.base=/users/rbierman/.sbt/0.13.5 
java_command: ./.lib/0.13.5/sbt-launch.jar shell
java_class_path (initial): ./.lib/0.13.5/sbt-launch.jar
Launcher Type: SUN_STANDARD

Environment Variables:
JAVA_HOME=/usr/java/latest
CLASSPATH=/usr/local/java/lib/classes.zip:.
PATH=/usr/lib64/qt-3.3/bin:/opt/x86_open64-4.5.2.1/bin:/usr/java/latest/bin:/users/drqueue/drqueue/bin:/usr/local/bin:/bin:/usr/bin:/usr/local/sbin:/usr/sbin:/sbin:/opt/real/RealPlayer::.:/users/rbierman/Local/i386/bash/scripts:/users/rbierman/Local/universal/scripts:/users/rbierman/Local/i386/bash/bin:/usr/local/java/bin:/users/rbierman/bin:.
SHELL=/bin/bash
DISPLAY=localhost:11.0
HOSTTYPE=i386/bash

Signal Handlers:
SIGSEGV: [libjvm.so+0xa2fc90], sa_mask[0]=0x7ffbfeff, sa_flags=0x10000004
SIGBUS: [libjvm.so+0xa2fc90], sa_mask[0]=0x7ffbfeff, sa_flags=0x10000004
SIGFPE: [libjvm.so+0x89b4b0], sa_mask[0]=0x7ffbfeff, sa_flags=0x10000004
SIGPIPE: [libjvm.so+0x89b4b0], sa_mask[0]=0x7ffbfeff, sa_flags=0x10000004
SIGXFSZ: [libjvm.so+0x89b4b0], sa_mask[0]=0x7ffbfeff, sa_flags=0x10000004
SIGILL: [libjvm.so+0x89b4b0], sa_mask[0]=0x7ffbfeff, sa_flags=0x10000004
SIGUSR1: SIG_DFL, sa_mask[0]=0x00000000, sa_flags=0x00000000
SIGUSR2: [libjvm.so+0x89cc50], sa_mask[0]=0x00000000, sa_flags=0x10000004
SIGHUP: [libjvm.so+0x89df00], sa_mask[0]=0x7ffbfeff, sa_flags=0x10000004
SIGINT: [libjvm.so+0x89df00], sa_mask[0]=0x7ffbfeff, sa_flags=0x10000004
SIGTERM: [libjvm.so+0x89df00], sa_mask[0]=0x7ffbfeff, sa_flags=0x10000004
SIGQUIT: [libjvm.so+0x89df00], sa_mask[0]=0x7ffbfeff, sa_flags=0x10000004


---------------  S Y S T E M  ---------------

OS:Scientific Linux release 6.5 (Carbon)

uname:Linux 2.6.32-431.29.2.el6.x86_64 #1 SMP Tue Sep 9 13:45:55 CDT 2014 x86_64
libc:glibc 2.12 NPTL 2.12 
rlimit: STACK 10240k, CORE 0k, NPROC 1024, NOFILE 4096, AS infinity
load average:0.17 0.21 0.25

/proc/meminfo:
MemTotal:       16331104 kB
MemFree:         5391800 kB
Buffers:         1002524 kB
Cached:          6861116 kB
SwapCached:          400 kB
Active:          5831120 kB
Inactive:        3810792 kB
Active(anon):    1459272 kB
Inactive(anon):   320708 kB
Active(file):    4371848 kB
Inactive(file):  3490084 kB
Unevictable:           0 kB
Mlocked:               0 kB
SwapTotal:       8388604 kB
SwapFree:        8387116 kB
Dirty:               244 kB
Writeback:             0 kB
AnonPages:       1688020 kB
Mapped:           132660 kB
Shmem:              1792 kB
Slab:            1126520 kB
SReclaimable:    1066628 kB
SUnreclaim:        59892 kB
KernelStack:        4248 kB
PageTables:        31676 kB
NFS_Unstable:          0 kB
Bounce:                0 kB
WritebackTmp:          0 kB
CommitLimit:    16554156 kB
Committed_AS:    5073644 kB
VmallocTotal:   34359738367 kB
VmallocUsed:      310780 kB
VmallocChunk:   34359423308 kB
HardwareCorrupted:     0 kB
AnonHugePages:   1234944 kB
HugePages_Total:       0
HugePages_Free:        0
HugePages_Rsvd:        0
HugePages_Surp:        0
Hugepagesize:       2048 kB
DirectMap4k:        7488 kB
DirectMap2M:    16764928 kB


CPU:total 8 (4 cores per cpu, 1 threads per core) family 6 model 23 stepping 10, cmov, cx8, fxsr, mmx, sse, sse2, sse3, ssse3, sse4.1, tsc

/proc/cpuinfo:
processor	: 0
vendor_id	: GenuineIntel
cpu family	: 6
model		: 23
model name	: Intel(R) Xeon(R) CPU           E5450  @ 3.00GHz
stepping	: 10
cpu MHz		: 2992.589
cache size	: 6144 KB
physical id	: 0
siblings	: 4
core id		: 0
cpu cores	: 4
apicid		: 0
initial apicid	: 0
fpu		: yes
fpu_exception	: yes
cpuid level	: 13
wp		: yes
flags		: fpu vme de pse tsc msr pae mce cx8 apic sep mtrr pge mca cmov pat pse36 clflush dts acpi mmx fxsr sse sse2 ss ht tm pbe syscall nx lm constant_tsc arch_perfmon pebs bts rep_good aperfmperf pni dtes64 monitor ds_cpl vmx est tm2 ssse3 cx16 xtpr pdcm dca sse4_1 xsave lahf_lm dts tpr_shadow vnmi flexpriority
bogomips	: 5985.17
clflush size	: 64
cache_alignment	: 64
address sizes	: 38 bits physical, 48 bits virtual
power management:

processor	: 1
vendor_id	: GenuineIntel
cpu family	: 6
model		: 23
model name	: Intel(R) Xeon(R) CPU           E5450  @ 3.00GHz
stepping	: 10
cpu MHz		: 2992.589
cache size	: 6144 KB
physical id	: 1
siblings	: 4
core id		: 0
cpu cores	: 4
apicid		: 4
initial apicid	: 4
fpu		: yes
fpu_exception	: yes
cpuid level	: 13
wp		: yes
flags		: fpu vme de pse tsc msr pae mce cx8 apic sep mtrr pge mca cmov pat pse36 clflush dts acpi mmx fxsr sse sse2 ss ht tm pbe syscall nx lm constant_tsc arch_perfmon pebs bts rep_good aperfmperf pni dtes64 monitor ds_cpl vmx est tm2 ssse3 cx16 xtpr pdcm dca sse4_1 xsave lahf_lm dts tpr_shadow vnmi flexpriority
bogomips	: 5985.04
clflush size	: 64
cache_alignment	: 64
address sizes	: 38 bits physical, 48 bits virtual
power management:

processor	: 2
vendor_id	: GenuineIntel
cpu family	: 6
model		: 23
model name	: Intel(R) Xeon(R) CPU           E5450  @ 3.00GHz
stepping	: 10
cpu MHz		: 2992.589
cache size	: 6144 KB
physical id	: 0
siblings	: 4
core id		: 2
cpu cores	: 4
apicid		: 2
initial apicid	: 2
fpu		: yes
fpu_exception	: yes
cpuid level	: 13
wp		: yes
flags		: fpu vme de pse tsc msr pae mce cx8 apic sep mtrr pge mca cmov pat pse36 clflush dts acpi mmx fxsr sse sse2 ss ht tm pbe syscall nx lm constant_tsc arch_perfmon pebs bts rep_good aperfmperf pni dtes64 monitor ds_cpl vmx est tm2 ssse3 cx16 xtpr pdcm dca sse4_1 xsave lahf_lm dts tpr_shadow vnmi flexpriority
bogomips	: 5985.17
clflush size	: 64
cache_alignment	: 64
address sizes	: 38 bits physical, 48 bits virtual
power management:

processor	: 3
vendor_id	: GenuineIntel
cpu family	: 6
model		: 23
model name	: Intel(R) Xeon(R) CPU           E5450  @ 3.00GHz
stepping	: 10
cpu MHz		: 2992.589
cache size	: 6144 KB
physical id	: 1
siblings	: 4
core id		: 2
cpu cores	: 4
apicid		: 6
initial apicid	: 6
fpu		: yes
fpu_exception	: yes
cpuid level	: 13
wp		: yes
flags		: fpu vme de pse tsc msr pae mce cx8 apic sep mtrr pge mca cmov pat pse36 clflush dts acpi mmx fxsr sse sse2 ss ht tm pbe syscall nx lm constant_tsc arch_perfmon pebs bts rep_good aperfmperf pni dtes64 monitor ds_cpl vmx est tm2 ssse3 cx16 xtpr pdcm dca sse4_1 xsave lahf_lm dts tpr_shadow vnmi flexpriority
bogomips	: 5985.04
clflush size	: 64
cache_alignment	: 64
address sizes	: 38 bits physical, 48 bits virtual
power management:

processor	: 4
vendor_id	: GenuineIntel
cpu family	: 6
model		: 23
model name	: Intel(R) Xeon(R) CPU           E5450  @ 3.00GHz
stepping	: 10
cpu MHz		: 2992.589
cache size	: 6144 KB
physical id	: 0
siblings	: 4
core id		: 1
cpu cores	: 4
apicid		: 1
initial apicid	: 1
fpu		: yes
fpu_exception	: yes
cpuid level	: 13
wp		: yes
flags		: fpu vme de pse tsc msr pae mce cx8 apic sep mtrr pge mca cmov pat pse36 clflush dts acpi mmx fxsr sse sse2 ss ht tm pbe syscall nx lm constant_tsc arch_perfmon pebs bts rep_good aperfmperf pni dtes64 monitor ds_cpl vmx est tm2 ssse3 cx16 xtpr pdcm dca sse4_1 xsave lahf_lm dts tpr_shadow vnmi flexpriority
bogomips	: 5985.17
clflush size	: 64
cache_alignment	: 64
address sizes	: 38 bits physical, 48 bits virtual
power management:

processor	: 5
vendor_id	: GenuineIntel
cpu family	: 6
model		: 23
model name	: Intel(R) Xeon(R) CPU           E5450  @ 3.00GHz
stepping	: 10
cpu MHz		: 2992.589
cache size	: 6144 KB
physical id	: 1
siblings	: 4
core id		: 1
cpu cores	: 4
apicid		: 5
initial apicid	: 5
fpu		: yes
fpu_exception	: yes
cpuid level	: 13
wp		: yes
flags		: fpu vme de pse tsc msr pae mce cx8 apic sep mtrr pge mca cmov pat pse36 clflush dts acpi mmx fxsr sse sse2 ss ht tm pbe syscall nx lm constant_tsc arch_perfmon pebs bts rep_good aperfmperf pni dtes64 monitor ds_cpl vmx est tm2 ssse3 cx16 xtpr pdcm dca sse4_1 xsave lahf_lm dts tpr_shadow vnmi flexpriority
bogomips	: 5985.04
clflush size	: 64
cache_alignment	: 64
address sizes	: 38 bits physical, 48 bits virtual
power management:

processor	: 6
vendor_id	: GenuineIntel
cpu family	: 6
model		: 23
model name	: Intel(R) Xeon(R) CPU           E5450  @ 3.00GHz
stepping	: 10
cpu MHz		: 2992.589
cache size	: 6144 KB
physical id	: 0
siblings	: 4
core id		: 3
cpu cores	: 4
apicid		: 3
initial apicid	: 3
fpu		: yes
fpu_exception	: yes
cpuid level	: 13
wp		: yes
flags		: fpu vme de pse tsc msr pae mce cx8 apic sep mtrr pge mca cmov pat pse36 clflush dts acpi mmx fxsr sse sse2 ss ht tm pbe syscall nx lm constant_tsc arch_perfmon pebs bts rep_good aperfmperf pni dtes64 monitor ds_cpl vmx est tm2 ssse3 cx16 xtpr pdcm dca sse4_1 xsave lahf_lm dts tpr_shadow vnmi flexpriority
bogomips	: 5985.17
clflush size	: 64
cache_alignment	: 64
address sizes	: 38 bits physical, 48 bits virtual
power management:

processor	: 7
vendor_id	: GenuineIntel
cpu family	: 6
model		: 23
model name	: Intel(R) Xeon(R) CPU           E5450  @ 3.00GHz
stepping	: 10
cpu MHz		: 2992.589
cache size	: 6144 KB
physical id	: 1
siblings	: 4
core id		: 3
cpu cores	: 4
apicid		: 7
initial apicid	: 7
fpu		: yes
fpu_exception	: yes
cpuid level	: 13
wp		: yes
flags		: fpu vme de pse tsc msr pae mce cx8 apic sep mtrr pge mca cmov pat pse36 clflush dts acpi mmx fxsr sse sse2 ss ht tm pbe syscall nx lm constant_tsc arch_perfmon pebs bts rep_good aperfmperf pni dtes64 monitor ds_cpl vmx est tm2 ssse3 cx16 xtpr pdcm dca sse4_1 xsave lahf_lm dts tpr_shadow vnmi flexpriority
bogomips	: 5985.04
clflush size	: 64
cache_alignment	: 64
address sizes	: 38 bits physical, 48 bits virtual
power management:



Memory: 4k page, physical 16331104k(5391800k free), swap 8388604k(8387116k free)

vm_info: Java HotSpot(TM) 64-Bit Server VM (25.5-b02) for linux-amd64 JRE (1.8.0_05-b13), built on Mar 18 2014 00:29:27 by "java_re" with gcc 4.3.0 20080428 (Red Hat 4.3.0-8)

time: Wed Apr 22 11:36:00 2015
elapsed time: 3 seconds

